<!DOCTYPE html>
<html>
<head>
<meta http-equiv="Content-Type" content="text/html; charset=utf-8"/>
<meta http-equiv="x-ua-compatible" content="IE=edge"/>
<title>Test results - CenterControllerTest</title>
<link href="../css/base-style.css" rel="stylesheet" type="text/css"/>
<link href="../css/style.css" rel="stylesheet" type="text/css"/>
<script src="../js/report.js" type="text/javascript"></script>
</head>
<body>
<div id="content">
<h1>CenterControllerTest</h1>
<div class="breadcrumbs">
<a href="../index.html">all</a> &gt; 
<a href="../packages/FIS.iLUVit.controller.html">FIS.iLUVit.controller</a> &gt; CenterControllerTest</div>
<div id="summary">
<table>
<tr>
<td>
<div class="summaryGroup">
<table>
<tr>
<td>
<div class="infoBox" id="tests">
<div class="counter">4</div>
<p>tests</p>
</div>
</td>
<td>
<div class="infoBox" id="failures">
<div class="counter">2</div>
<p>failures</p>
</div>
</td>
<td>
<div class="infoBox" id="ignored">
<div class="counter">0</div>
<p>ignored</p>
</div>
</td>
<td>
<div class="infoBox" id="duration">
<div class="counter">0.241s</div>
<p>duration</p>
</div>
</td>
</tr>
</table>
</div>
</td>
<td>
<div class="infoBox failures" id="successRate">
<div class="percent">50%</div>
<p>successful</p>
</div>
</td>
</tr>
</table>
</div>
<div id="tabs">
<ul class="tabLinks">
<li>
<a href="#tab0">Failed tests</a>
</li>
<li>
<a href="#tab1">Tests</a>
</li>
<li>
<a href="#tab2">Standard output</a>
</li>
</ul>
<div id="tab0" class="tab">
<h2>Failed tests</h2>
<div class="test">
<a name="센터_검색_지역3개이상요청시_실패()"></a>
<h3 class="failures">센터_검색_지역3개이상요청시_실패()</h3>
<span class="code">
<pre>org.json.JSONException: Unparsable JSON string: 
	at app//org.skyscreamer.jsonassert.JSONParser.parseJSON(JSONParser.java:56)
	at app//org.skyscreamer.jsonassert.JSONCompare.compareJSON(JSONCompare.java:50)
	at app//org.skyscreamer.jsonassert.JSONCompare.compareJSON(JSONCompare.java:125)
	at app//org.skyscreamer.jsonassert.JSONAssert.assertEquals(JSONAssert.java:415)
	at app//org.skyscreamer.jsonassert.JSONAssert.assertEquals(JSONAssert.java:394)
	at app//org.skyscreamer.jsonassert.JSONAssert.assertEquals(JSONAssert.java:336)
	at app//org.springframework.test.util.JsonExpectationsHelper.assertJsonEqual(JsonExpectationsHelper.java:61)
	at app//org.springframework.test.web.servlet.result.ContentResultMatchers.lambda$json$9(ContentResultMatchers.java:227)
	at app//org.springframework.test.web.servlet.MockMvc$1.andExpect(MockMvc.java:212)
	at app//FIS.iLUVit.controller.CenterControllerTest.센터_검색_지역3개이상요청시_실패(CenterControllerTest.java:110)
	at java.base@11.0.11/jdk.internal.reflect.NativeMethodAccessorImpl.invoke0(Native Method)
	at java.base@11.0.11/jdk.internal.reflect.NativeMethodAccessorImpl.invoke(NativeMethodAccessorImpl.java:62)
	at java.base@11.0.11/jdk.internal.reflect.DelegatingMethodAccessorImpl.invoke(DelegatingMethodAccessorImpl.java:43)
	at java.base@11.0.11/java.lang.reflect.Method.invoke(Method.java:566)
	at app//org.junit.platform.commons.util.ReflectionUtils.invokeMethod(ReflectionUtils.java:725)
	at app//org.junit.jupiter.engine.execution.MethodInvocation.proceed(MethodInvocation.java:60)
	at app//org.junit.jupiter.engine.execution.InvocationInterceptorChain$ValidatingInvocation.proceed(InvocationInterceptorChain.java:131)
	at app//org.junit.jupiter.engine.extension.TimeoutExtension.intercept(TimeoutExtension.java:149)
	at app//org.junit.jupiter.engine.extension.TimeoutExtension.interceptTestableMethod(TimeoutExtension.java:140)
	at app//org.junit.jupiter.engine.extension.TimeoutExtension.interceptTestMethod(TimeoutExtension.java:84)
	at app//org.junit.jupiter.engine.execution.ExecutableInvoker$ReflectiveInterceptorCall.lambda$ofVoidMethod$0(ExecutableInvoker.java:115)
	at app//org.junit.jupiter.engine.execution.ExecutableInvoker.lambda$invoke$0(ExecutableInvoker.java:105)
	at app//org.junit.jupiter.engine.execution.InvocationInterceptorChain$InterceptedInvocation.proceed(InvocationInterceptorChain.java:106)
	at app//org.junit.jupiter.engine.execution.InvocationInterceptorChain.proceed(InvocationInterceptorChain.java:64)
	at app//org.junit.jupiter.engine.execution.InvocationInterceptorChain.chainAndInvoke(InvocationInterceptorChain.java:45)
	at app//org.junit.jupiter.engine.execution.InvocationInterceptorChain.invoke(InvocationInterceptorChain.java:37)
	at app//org.junit.jupiter.engine.execution.ExecutableInvoker.invoke(ExecutableInvoker.java:104)
	at app//org.junit.jupiter.engine.execution.ExecutableInvoker.invoke(ExecutableInvoker.java:98)
	at app//org.junit.jupiter.engine.descriptor.TestMethodTestDescriptor.lambda$invokeTestMethod$7(TestMethodTestDescriptor.java:214)
	at app//org.junit.platform.engine.support.hierarchical.ThrowableCollector.execute(ThrowableCollector.java:73)
	at app//org.junit.jupiter.engine.descriptor.TestMethodTestDescriptor.invokeTestMethod(TestMethodTestDescriptor.java:210)
	at app//org.junit.jupiter.engine.descriptor.TestMethodTestDescriptor.execute(TestMethodTestDescriptor.java:135)
	at app//org.junit.jupiter.engine.descriptor.TestMethodTestDescriptor.execute(TestMethodTestDescriptor.java:66)
	at app//org.junit.platform.engine.support.hierarchical.NodeTestTask.lambda$executeRecursively$6(NodeTestTask.java:151)
	at app//org.junit.platform.engine.support.hierarchical.ThrowableCollector.execute(ThrowableCollector.java:73)
	at app//org.junit.platform.engine.support.hierarchical.NodeTestTask.lambda$executeRecursively$8(NodeTestTask.java:141)
	at app//org.junit.platform.engine.support.hierarchical.Node.around(Node.java:137)
	at app//org.junit.platform.engine.support.hierarchical.NodeTestTask.lambda$executeRecursively$9(NodeTestTask.java:139)
	at app//org.junit.platform.engine.support.hierarchical.ThrowableCollector.execute(ThrowableCollector.java:73)
	at app//org.junit.platform.engine.support.hierarchical.NodeTestTask.executeRecursively(NodeTestTask.java:138)
	at app//org.junit.platform.engine.support.hierarchical.NodeTestTask.execute(NodeTestTask.java:95)
	at java.base@11.0.11/java.util.ArrayList.forEach(ArrayList.java:1541)
	at app//org.junit.platform.engine.support.hierarchical.SameThreadHierarchicalTestExecutorService.invokeAll(SameThreadHierarchicalTestExecutorService.java:41)
	at app//org.junit.platform.engine.support.hierarchical.NodeTestTask.lambda$executeRecursively$6(NodeTestTask.java:155)
	at app//org.junit.platform.engine.support.hierarchical.ThrowableCollector.execute(ThrowableCollector.java:73)
	at app//org.junit.platform.engine.support.hierarchical.NodeTestTask.lambda$executeRecursively$8(NodeTestTask.java:141)
	at app//org.junit.platform.engine.support.hierarchical.Node.around(Node.java:137)
	at app//org.junit.platform.engine.support.hierarchical.NodeTestTask.lambda$executeRecursively$9(NodeTestTask.java:139)
	at app//org.junit.platform.engine.support.hierarchical.ThrowableCollector.execute(ThrowableCollector.java:73)
	at app//org.junit.platform.engine.support.hierarchical.NodeTestTask.executeRecursively(NodeTestTask.java:138)
	at app//org.junit.platform.engine.support.hierarchical.NodeTestTask.execute(NodeTestTask.java:95)
	at java.base@11.0.11/java.util.ArrayList.forEach(ArrayList.java:1541)
	at app//org.junit.platform.engine.support.hierarchical.SameThreadHierarchicalTestExecutorService.invokeAll(SameThreadHierarchicalTestExecutorService.java:41)
	at app//org.junit.platform.engine.support.hierarchical.NodeTestTask.lambda$executeRecursively$6(NodeTestTask.java:155)
	at app//org.junit.platform.engine.support.hierarchical.ThrowableCollector.execute(ThrowableCollector.java:73)
	at app//org.junit.platform.engine.support.hierarchical.NodeTestTask.lambda$executeRecursively$8(NodeTestTask.java:141)
	at app//org.junit.platform.engine.support.hierarchical.Node.around(Node.java:137)
	at app//org.junit.platform.engine.support.hierarchical.NodeTestTask.lambda$executeRecursively$9(NodeTestTask.java:139)
	at app//org.junit.platform.engine.support.hierarchical.ThrowableCollector.execute(ThrowableCollector.java:73)
	at app//org.junit.platform.engine.support.hierarchical.NodeTestTask.executeRecursively(NodeTestTask.java:138)
	at app//org.junit.platform.engine.support.hierarchical.NodeTestTask.execute(NodeTestTask.java:95)
	at app//org.junit.platform.engine.support.hierarchical.SameThreadHierarchicalTestExecutorService.submit(SameThreadHierarchicalTestExecutorService.java:35)
	at app//org.junit.platform.engine.support.hierarchical.HierarchicalTestExecutor.execute(HierarchicalTestExecutor.java:57)
	at app//org.junit.platform.engine.support.hierarchical.HierarchicalTestEngine.execute(HierarchicalTestEngine.java:54)
	at org.junit.platform.launcher.core.EngineExecutionOrchestrator.execute(EngineExecutionOrchestrator.java:108)
	at org.junit.platform.launcher.core.EngineExecutionOrchestrator.execute(EngineExecutionOrchestrator.java:88)
	at org.junit.platform.launcher.core.EngineExecutionOrchestrator.lambda$execute$0(EngineExecutionOrchestrator.java:54)
	at org.junit.platform.launcher.core.EngineExecutionOrchestrator.withInterceptedStreams(EngineExecutionOrchestrator.java:67)
	at org.junit.platform.launcher.core.EngineExecutionOrchestrator.execute(EngineExecutionOrchestrator.java:52)
	at org.junit.platform.launcher.core.DefaultLauncher.execute(DefaultLauncher.java:96)
	at org.junit.platform.launcher.core.DefaultLauncher.execute(DefaultLauncher.java:75)
	at org.gradle.api.internal.tasks.testing.junitplatform.JUnitPlatformTestClassProcessor$CollectAllTestClassesExecutor.processAllTestClasses(JUnitPlatformTestClassProcessor.java:99)
	at org.gradle.api.internal.tasks.testing.junitplatform.JUnitPlatformTestClassProcessor$CollectAllTestClassesExecutor.access$000(JUnitPlatformTestClassProcessor.java:79)
	at org.gradle.api.internal.tasks.testing.junitplatform.JUnitPlatformTestClassProcessor.stop(JUnitPlatformTestClassProcessor.java:75)
	at org.gradle.api.internal.tasks.testing.SuiteTestClassProcessor.stop(SuiteTestClassProcessor.java:61)
	at java.base@11.0.11/jdk.internal.reflect.NativeMethodAccessorImpl.invoke0(Native Method)
	at java.base@11.0.11/jdk.internal.reflect.NativeMethodAccessorImpl.invoke(NativeMethodAccessorImpl.java:62)
	at java.base@11.0.11/jdk.internal.reflect.DelegatingMethodAccessorImpl.invoke(DelegatingMethodAccessorImpl.java:43)
	at java.base@11.0.11/java.lang.reflect.Method.invoke(Method.java:566)
	at org.gradle.internal.dispatch.ReflectionDispatch.dispatch(ReflectionDispatch.java:36)
	at org.gradle.internal.dispatch.ReflectionDispatch.dispatch(ReflectionDispatch.java:24)
	at org.gradle.internal.dispatch.ContextClassLoaderDispatch.dispatch(ContextClassLoaderDispatch.java:33)
	at org.gradle.internal.dispatch.ProxyDispatchAdapter$DispatchingInvocationHandler.invoke(ProxyDispatchAdapter.java:94)
	at com.sun.proxy.$Proxy2.stop(Unknown Source)
	at org.gradle.api.internal.tasks.testing.worker.TestWorker$3.run(TestWorker.java:193)
	at org.gradle.api.internal.tasks.testing.worker.TestWorker.executeAndMaintainThreadName(TestWorker.java:129)
	at org.gradle.api.internal.tasks.testing.worker.TestWorker.execute(TestWorker.java:100)
	at org.gradle.api.internal.tasks.testing.worker.TestWorker.execute(TestWorker.java:60)
	at org.gradle.process.internal.worker.child.ActionExecutionWorker.execute(ActionExecutionWorker.java:56)
	at org.gradle.process.internal.worker.child.SystemApplicationClassLoaderWorker.call(SystemApplicationClassLoaderWorker.java:133)
	at org.gradle.process.internal.worker.child.SystemApplicationClassLoaderWorker.call(SystemApplicationClassLoaderWorker.java:71)
	at app//worker.org.gradle.process.internal.worker.GradleWorkerMain.run(GradleWorkerMain.java:69)
	at app//worker.org.gradle.process.internal.worker.GradleWorkerMain.main(GradleWorkerMain.java:74)
</pre>
</span>
</div>
<div class="test">
<a name="센터_검색_지역선택_없을시_실패()"></a>
<h3 class="failures">센터_검색_지역선택_없을시_실패()</h3>
<span class="code">
<pre>org.json.JSONException: Unparsable JSON string: 
	at app//org.skyscreamer.jsonassert.JSONParser.parseJSON(JSONParser.java:56)
	at app//org.skyscreamer.jsonassert.JSONCompare.compareJSON(JSONCompare.java:50)
	at app//org.skyscreamer.jsonassert.JSONCompare.compareJSON(JSONCompare.java:125)
	at app//org.skyscreamer.jsonassert.JSONAssert.assertEquals(JSONAssert.java:415)
	at app//org.skyscreamer.jsonassert.JSONAssert.assertEquals(JSONAssert.java:394)
	at app//org.skyscreamer.jsonassert.JSONAssert.assertEquals(JSONAssert.java:336)
	at app//org.springframework.test.util.JsonExpectationsHelper.assertJsonEqual(JsonExpectationsHelper.java:61)
	at app//org.springframework.test.web.servlet.result.ContentResultMatchers.lambda$json$9(ContentResultMatchers.java:227)
	at app//org.springframework.test.web.servlet.MockMvc$1.andExpect(MockMvc.java:212)
	at app//FIS.iLUVit.controller.CenterControllerTest.센터_검색_지역선택_없을시_실패(CenterControllerTest.java:135)
	at java.base@11.0.11/jdk.internal.reflect.NativeMethodAccessorImpl.invoke0(Native Method)
	at java.base@11.0.11/jdk.internal.reflect.NativeMethodAccessorImpl.invoke(NativeMethodAccessorImpl.java:62)
	at java.base@11.0.11/jdk.internal.reflect.DelegatingMethodAccessorImpl.invoke(DelegatingMethodAccessorImpl.java:43)
	at java.base@11.0.11/java.lang.reflect.Method.invoke(Method.java:566)
	at app//org.junit.platform.commons.util.ReflectionUtils.invokeMethod(ReflectionUtils.java:725)
	at app//org.junit.jupiter.engine.execution.MethodInvocation.proceed(MethodInvocation.java:60)
	at app//org.junit.jupiter.engine.execution.InvocationInterceptorChain$ValidatingInvocation.proceed(InvocationInterceptorChain.java:131)
	at app//org.junit.jupiter.engine.extension.TimeoutExtension.intercept(TimeoutExtension.java:149)
	at app//org.junit.jupiter.engine.extension.TimeoutExtension.interceptTestableMethod(TimeoutExtension.java:140)
	at app//org.junit.jupiter.engine.extension.TimeoutExtension.interceptTestMethod(TimeoutExtension.java:84)
	at app//org.junit.jupiter.engine.execution.ExecutableInvoker$ReflectiveInterceptorCall.lambda$ofVoidMethod$0(ExecutableInvoker.java:115)
	at app//org.junit.jupiter.engine.execution.ExecutableInvoker.lambda$invoke$0(ExecutableInvoker.java:105)
	at app//org.junit.jupiter.engine.execution.InvocationInterceptorChain$InterceptedInvocation.proceed(InvocationInterceptorChain.java:106)
	at app//org.junit.jupiter.engine.execution.InvocationInterceptorChain.proceed(InvocationInterceptorChain.java:64)
	at app//org.junit.jupiter.engine.execution.InvocationInterceptorChain.chainAndInvoke(InvocationInterceptorChain.java:45)
	at app//org.junit.jupiter.engine.execution.InvocationInterceptorChain.invoke(InvocationInterceptorChain.java:37)
	at app//org.junit.jupiter.engine.execution.ExecutableInvoker.invoke(ExecutableInvoker.java:104)
	at app//org.junit.jupiter.engine.execution.ExecutableInvoker.invoke(ExecutableInvoker.java:98)
	at app//org.junit.jupiter.engine.descriptor.TestMethodTestDescriptor.lambda$invokeTestMethod$7(TestMethodTestDescriptor.java:214)
	at app//org.junit.platform.engine.support.hierarchical.ThrowableCollector.execute(ThrowableCollector.java:73)
	at app//org.junit.jupiter.engine.descriptor.TestMethodTestDescriptor.invokeTestMethod(TestMethodTestDescriptor.java:210)
	at app//org.junit.jupiter.engine.descriptor.TestMethodTestDescriptor.execute(TestMethodTestDescriptor.java:135)
	at app//org.junit.jupiter.engine.descriptor.TestMethodTestDescriptor.execute(TestMethodTestDescriptor.java:66)
	at app//org.junit.platform.engine.support.hierarchical.NodeTestTask.lambda$executeRecursively$6(NodeTestTask.java:151)
	at app//org.junit.platform.engine.support.hierarchical.ThrowableCollector.execute(ThrowableCollector.java:73)
	at app//org.junit.platform.engine.support.hierarchical.NodeTestTask.lambda$executeRecursively$8(NodeTestTask.java:141)
	at app//org.junit.platform.engine.support.hierarchical.Node.around(Node.java:137)
	at app//org.junit.platform.engine.support.hierarchical.NodeTestTask.lambda$executeRecursively$9(NodeTestTask.java:139)
	at app//org.junit.platform.engine.support.hierarchical.ThrowableCollector.execute(ThrowableCollector.java:73)
	at app//org.junit.platform.engine.support.hierarchical.NodeTestTask.executeRecursively(NodeTestTask.java:138)
	at app//org.junit.platform.engine.support.hierarchical.NodeTestTask.execute(NodeTestTask.java:95)
	at java.base@11.0.11/java.util.ArrayList.forEach(ArrayList.java:1541)
	at app//org.junit.platform.engine.support.hierarchical.SameThreadHierarchicalTestExecutorService.invokeAll(SameThreadHierarchicalTestExecutorService.java:41)
	at app//org.junit.platform.engine.support.hierarchical.NodeTestTask.lambda$executeRecursively$6(NodeTestTask.java:155)
	at app//org.junit.platform.engine.support.hierarchical.ThrowableCollector.execute(ThrowableCollector.java:73)
	at app//org.junit.platform.engine.support.hierarchical.NodeTestTask.lambda$executeRecursively$8(NodeTestTask.java:141)
	at app//org.junit.platform.engine.support.hierarchical.Node.around(Node.java:137)
	at app//org.junit.platform.engine.support.hierarchical.NodeTestTask.lambda$executeRecursively$9(NodeTestTask.java:139)
	at app//org.junit.platform.engine.support.hierarchical.ThrowableCollector.execute(ThrowableCollector.java:73)
	at app//org.junit.platform.engine.support.hierarchical.NodeTestTask.executeRecursively(NodeTestTask.java:138)
	at app//org.junit.platform.engine.support.hierarchical.NodeTestTask.execute(NodeTestTask.java:95)
	at java.base@11.0.11/java.util.ArrayList.forEach(ArrayList.java:1541)
	at app//org.junit.platform.engine.support.hierarchical.SameThreadHierarchicalTestExecutorService.invokeAll(SameThreadHierarchicalTestExecutorService.java:41)
	at app//org.junit.platform.engine.support.hierarchical.NodeTestTask.lambda$executeRecursively$6(NodeTestTask.java:155)
	at app//org.junit.platform.engine.support.hierarchical.ThrowableCollector.execute(ThrowableCollector.java:73)
	at app//org.junit.platform.engine.support.hierarchical.NodeTestTask.lambda$executeRecursively$8(NodeTestTask.java:141)
	at app//org.junit.platform.engine.support.hierarchical.Node.around(Node.java:137)
	at app//org.junit.platform.engine.support.hierarchical.NodeTestTask.lambda$executeRecursively$9(NodeTestTask.java:139)
	at app//org.junit.platform.engine.support.hierarchical.ThrowableCollector.execute(ThrowableCollector.java:73)
	at app//org.junit.platform.engine.support.hierarchical.NodeTestTask.executeRecursively(NodeTestTask.java:138)
	at app//org.junit.platform.engine.support.hierarchical.NodeTestTask.execute(NodeTestTask.java:95)
	at app//org.junit.platform.engine.support.hierarchical.SameThreadHierarchicalTestExecutorService.submit(SameThreadHierarchicalTestExecutorService.java:35)
	at app//org.junit.platform.engine.support.hierarchical.HierarchicalTestExecutor.execute(HierarchicalTestExecutor.java:57)
	at app//org.junit.platform.engine.support.hierarchical.HierarchicalTestEngine.execute(HierarchicalTestEngine.java:54)
	at org.junit.platform.launcher.core.EngineExecutionOrchestrator.execute(EngineExecutionOrchestrator.java:108)
	at org.junit.platform.launcher.core.EngineExecutionOrchestrator.execute(EngineExecutionOrchestrator.java:88)
	at org.junit.platform.launcher.core.EngineExecutionOrchestrator.lambda$execute$0(EngineExecutionOrchestrator.java:54)
	at org.junit.platform.launcher.core.EngineExecutionOrchestrator.withInterceptedStreams(EngineExecutionOrchestrator.java:67)
	at org.junit.platform.launcher.core.EngineExecutionOrchestrator.execute(EngineExecutionOrchestrator.java:52)
	at org.junit.platform.launcher.core.DefaultLauncher.execute(DefaultLauncher.java:96)
	at org.junit.platform.launcher.core.DefaultLauncher.execute(DefaultLauncher.java:75)
	at org.gradle.api.internal.tasks.testing.junitplatform.JUnitPlatformTestClassProcessor$CollectAllTestClassesExecutor.processAllTestClasses(JUnitPlatformTestClassProcessor.java:99)
	at org.gradle.api.internal.tasks.testing.junitplatform.JUnitPlatformTestClassProcessor$CollectAllTestClassesExecutor.access$000(JUnitPlatformTestClassProcessor.java:79)
	at org.gradle.api.internal.tasks.testing.junitplatform.JUnitPlatformTestClassProcessor.stop(JUnitPlatformTestClassProcessor.java:75)
	at org.gradle.api.internal.tasks.testing.SuiteTestClassProcessor.stop(SuiteTestClassProcessor.java:61)
	at java.base@11.0.11/jdk.internal.reflect.NativeMethodAccessorImpl.invoke0(Native Method)
	at java.base@11.0.11/jdk.internal.reflect.NativeMethodAccessorImpl.invoke(NativeMethodAccessorImpl.java:62)
	at java.base@11.0.11/jdk.internal.reflect.DelegatingMethodAccessorImpl.invoke(DelegatingMethodAccessorImpl.java:43)
	at java.base@11.0.11/java.lang.reflect.Method.invoke(Method.java:566)
	at org.gradle.internal.dispatch.ReflectionDispatch.dispatch(ReflectionDispatch.java:36)
	at org.gradle.internal.dispatch.ReflectionDispatch.dispatch(ReflectionDispatch.java:24)
	at org.gradle.internal.dispatch.ContextClassLoaderDispatch.dispatch(ContextClassLoaderDispatch.java:33)
	at org.gradle.internal.dispatch.ProxyDispatchAdapter$DispatchingInvocationHandler.invoke(ProxyDispatchAdapter.java:94)
	at com.sun.proxy.$Proxy2.stop(Unknown Source)
	at org.gradle.api.internal.tasks.testing.worker.TestWorker$3.run(TestWorker.java:193)
	at org.gradle.api.internal.tasks.testing.worker.TestWorker.executeAndMaintainThreadName(TestWorker.java:129)
	at org.gradle.api.internal.tasks.testing.worker.TestWorker.execute(TestWorker.java:100)
	at org.gradle.api.internal.tasks.testing.worker.TestWorker.execute(TestWorker.java:60)
	at org.gradle.process.internal.worker.child.ActionExecutionWorker.execute(ActionExecutionWorker.java:56)
	at org.gradle.process.internal.worker.child.SystemApplicationClassLoaderWorker.call(SystemApplicationClassLoaderWorker.java:133)
	at org.gradle.process.internal.worker.child.SystemApplicationClassLoaderWorker.call(SystemApplicationClassLoaderWorker.java:71)
	at app//worker.org.gradle.process.internal.worker.GradleWorkerMain.run(GradleWorkerMain.java:69)
	at app//worker.org.gradle.process.internal.worker.GradleWorkerMain.main(GradleWorkerMain.java:74)
</pre>
</span>
</div>
</div>
<div id="tab1" class="tab">
<h2>Tests</h2>
<table>
<thead>
<tr>
<th>Test</th>
<th>Duration</th>
<th>Result</th>
</tr>
</thead>
<tr>
<td class="success">센터_검색_성공()</td>
<td class="success">0.039s</td>
<td class="success">passed</td>
</tr>
<tr>
<td class="failures">센터_검색_지역3개이상요청시_실패()</td>
<td class="failures">0.029s</td>
<td class="failures">failed</td>
</tr>
<tr>
<td class="failures">센터_검색_지역선택_없을시_실패()</td>
<td class="failures">0.134s</td>
<td class="failures">failed</td>
</tr>
<tr>
<td class="success">지도에서_센터검색_성공()</td>
<td class="success">0.039s</td>
<td class="success">passed</td>
</tr>
</table>
</div>
<div id="tab2" class="tab">
<h2>Standard output</h2>
<span class="code">
<pre>2022-07-08 15:09:06.078  INFO 6000 --- [    Test worker] o.s.mock.web.MockServletContext          : Initializing Spring TestDispatcherServlet ''
2022-07-08 15:09:06.078  INFO 6000 --- [    Test worker] o.s.t.web.servlet.TestDispatcherServlet  : Initializing Servlet ''
2022-07-08 15:09:06.078  INFO 6000 --- [    Test worker] o.s.t.web.servlet.TestDispatcherServlet  : Completed initialization in 0 ms
2022-07-08 15:09:06.152  WARN 6000 --- [    Test worker] .w.s.m.s.DefaultHandlerExceptionResolver : Resolved [org.springframework.web.bind.MethodArgumentNotValidException: Validation failed for argument [0] in public org.springframework.data.domain.Slice&lt;FIS.iLUVit.repository.dto.CenterPreview&gt; FIS.iLUVit.controller.CenterController.searchByFilter(FIS.iLUVit.controller.dto.CenterSearchFilterDTO,org.springframework.data.domain.Pageable): [Field error in object 'centerSearchFilterDTO' on field 'areas': rejected value [[]]; codes [Size.centerSearchFilterDTO.areas,Size.areas,Size.java.util.List,Size]; arguments [org.springframework.context.support.DefaultMessageSourceResolvable: codes [centerSearchFilterDTO.areas,areas]; arguments []; default message [areas],3,1]; default message [최소 1개 이상의 지역을 선택해야합니다]] ]

MockHttpServletRequest:
      HTTP Method = POST
      Request URI = /center/search
       Parameters = {page=[0], size=[2]}
          Headers = [Content-Type:&quot;application/json&quot;, Content-Length:&quot;319&quot;]
             Body = &lt;no character encoding set&gt;
    Session Attrs = {}

Handler:
             Type = FIS.iLUVit.controller.CenterController
           Method = FIS.iLUVit.controller.CenterController#searchByFilter(CenterSearchFilterDTO, Pageable)

Async:
    Async started = false
     Async result = null

Resolved Exception:
             Type = org.springframework.web.bind.MethodArgumentNotValidException

ModelAndView:
        View name = null
             View = null
            Model = null

FlashMap:
       Attributes = null

MockHttpServletResponse:
           Status = 400
    Error message = null
          Headers = []
     Content type = null
             Body = 
    Forwarded URL = null
   Redirected URL = null
          Cookies = []
2022-07-08 15:09:06.178  INFO 6000 --- [    Test worker] o.s.mock.web.MockServletContext          : Initializing Spring TestDispatcherServlet ''
2022-07-08 15:09:06.178  INFO 6000 --- [    Test worker] o.s.t.web.servlet.TestDispatcherServlet  : Initializing Servlet ''
2022-07-08 15:09:06.178  INFO 6000 --- [    Test worker] o.s.t.web.servlet.TestDispatcherServlet  : Completed initialization in 0 ms
2022-07-08 15:09:06.193  WARN 6000 --- [    Test worker] .w.s.m.s.DefaultHandlerExceptionResolver : Resolved [org.springframework.web.bind.MethodArgumentNotValidException: Validation failed for argument [0] in public org.springframework.data.domain.Slice&lt;FIS.iLUVit.repository.dto.CenterPreview&gt; FIS.iLUVit.controller.CenterController.searchByFilter(FIS.iLUVit.controller.dto.CenterSearchFilterDTO,org.springframework.data.domain.Pageable): [Field error in object 'centerSearchFilterDTO' on field 'areas': rejected value [[Area(sido=sido, sigungu=sigungu), Area(sido=sido2, sigungu=sigungu2), Area(sido=sido2, sigungu=sigungu2), Area(sido=sido2, sigungu=sigungu2)]]; codes [Size.centerSearchFilterDTO.areas,Size.areas,Size.java.util.List,Size]; arguments [org.springframework.context.support.DefaultMessageSourceResolvable: codes [centerSearchFilterDTO.areas,areas]; arguments []; default message [areas],3,1]; default message [최소 1개 이상의 지역을 선택해야합니다]] ]

MockHttpServletRequest:
      HTTP Method = POST
      Request URI = /center/search
       Parameters = {page=[0], size=[2]}
          Headers = [Content-Type:&quot;application/json&quot;, Content-Length:&quot;468&quot;]
             Body = &lt;no character encoding set&gt;
    Session Attrs = {}

Handler:
             Type = FIS.iLUVit.controller.CenterController
           Method = FIS.iLUVit.controller.CenterController#searchByFilter(CenterSearchFilterDTO, Pageable)

Async:
    Async started = false
     Async result = null

Resolved Exception:
             Type = org.springframework.web.bind.MethodArgumentNotValidException

ModelAndView:
        View name = null
             View = null
            Model = null

FlashMap:
       Attributes = null

MockHttpServletResponse:
           Status = 400
    Error message = null
          Headers = []
     Content type = null
             Body = 
    Forwarded URL = null
   Redirected URL = null
          Cookies = []
2022-07-08 15:09:06.206  INFO 6000 --- [    Test worker] o.s.mock.web.MockServletContext          : Initializing Spring TestDispatcherServlet ''
2022-07-08 15:09:06.206  INFO 6000 --- [    Test worker] o.s.t.web.servlet.TestDispatcherServlet  : Initializing Servlet ''
2022-07-08 15:09:06.206  INFO 6000 --- [    Test worker] o.s.t.web.servlet.TestDispatcherServlet  : Completed initialization in 0 ms

MockHttpServletRequest:
      HTTP Method = POST
      Request URI = /center/map/search
       Parameters = {}
          Headers = [Content-Type:&quot;application/json&quot;, Content-Length:&quot;352&quot;]
             Body = &lt;no character encoding set&gt;
    Session Attrs = {}

Handler:
             Type = FIS.iLUVit.controller.CenterController
           Method = FIS.iLUVit.controller.CenterController#searchByFilterAndMap(CenterSearchMapFilterDTO)

Async:
    Async started = false
     Async result = null

Resolved Exception:
             Type = null

ModelAndView:
        View name = null
             View = null
            Model = null

FlashMap:
       Attributes = null

MockHttpServletResponse:
           Status = 200
    Error message = null
          Headers = [Content-Type:&quot;application/json&quot;]
     Content type = application/json
             Body = [{&quot;id&quot;:3,&quot;name&quot;:&quot;센터정보&quot;,&quot;owner&quot;:&quot;현승구&quot;,&quot;director&quot;:null,&quot;estType&quot;:&quot;공립&quot;,&quot;tel&quot;:&quot;test&quot;,&quot;startTime&quot;:&quot;9시 00분&quot;,&quot;endTime&quot;:&quot;16시 00분&quot;,&quot;minAge&quot;:4,&quot;maxAge&quot;:5,&quot;address&quot;:&quot;가리봉동&quot;,&quot;area&quot;:{&quot;sido&quot;:&quot;서울특별시&quot;,&quot;sigungu&quot;:&quot;구로구&quot;},&quot;longitude&quot;:32.1561,&quot;latitude&quot;:127.2312,&quot;theme&quot;:{&quot;english&quot;:true,&quot;foreigner&quot;:false,&quot;clean&quot;:true,&quot;buddhism&quot;:false,&quot;christianity&quot;:true,&quot;catholic&quot;:true,&quot;animal&quot;:false,&quot;plant&quot;:false,&quot;camping&quot;:false,&quot;nature&quot;:false,&quot;art&quot;:true,&quot;music&quot;:false,&quot;math&quot;:false,&quot;sport&quot;:false,&quot;coding&quot;:false,&quot;manner&quot;:true,&quot;genius&quot;:false},&quot;distance&quot;:null,&quot;image&quot;:null,&quot;starAverage&quot;:null},{&quot;id&quot;:3,&quot;name&quot;:&quot;센터정보&quot;,&quot;owner&quot;:&quot;현승구&quot;,&quot;director&quot;:null,&quot;estType&quot;:&quot;공립&quot;,&quot;tel&quot;:&quot;test&quot;,&quot;startTime&quot;:&quot;9시 00분&quot;,&quot;endTime&quot;:&quot;16시 00분&quot;,&quot;minAge&quot;:4,&quot;maxAge&quot;:5,&quot;address&quot;:&quot;가리봉동&quot;,&quot;area&quot;:{&quot;sido&quot;:&quot;서울특별시&quot;,&quot;sigungu&quot;:&quot;구로구&quot;},&quot;longitude&quot;:32.1561,&quot;latitude&quot;:127.2312,&quot;theme&quot;:{&quot;english&quot;:true,&quot;foreigner&quot;:false,&quot;clean&quot;:true,&quot;buddhism&quot;:false,&quot;christianity&quot;:true,&quot;catholic&quot;:true,&quot;animal&quot;:false,&quot;plant&quot;:false,&quot;camping&quot;:false,&quot;nature&quot;:false,&quot;art&quot;:true,&quot;music&quot;:false,&quot;math&quot;:false,&quot;sport&quot;:false,&quot;coding&quot;:false,&quot;manner&quot;:true,&quot;genius&quot;:false},&quot;distance&quot;:null,&quot;image&quot;:null,&quot;starAverage&quot;:null},{&quot;id&quot;:3,&quot;name&quot;:&quot;센터정보&quot;,&quot;owner&quot;:&quot;현승구&quot;,&quot;director&quot;:null,&quot;estType&quot;:&quot;공립&quot;,&quot;tel&quot;:&quot;test&quot;,&quot;startTime&quot;:&quot;9시 00분&quot;,&quot;endTime&quot;:&quot;16시 00분&quot;,&quot;minAge&quot;:4,&quot;maxAge&quot;:5,&quot;address&quot;:&quot;가리봉동&quot;,&quot;area&quot;:{&quot;sido&quot;:&quot;서울특별시&quot;,&quot;sigungu&quot;:&quot;구로구&quot;},&quot;longitude&quot;:32.1561,&quot;latitude&quot;:127.2312,&quot;theme&quot;:{&quot;english&quot;:true,&quot;foreigner&quot;:false,&quot;clean&quot;:true,&quot;buddhism&quot;:false,&quot;christianity&quot;:true,&quot;catholic&quot;:true,&quot;animal&quot;:false,&quot;plant&quot;:false,&quot;camping&quot;:false,&quot;nature&quot;:false,&quot;art&quot;:true,&quot;music&quot;:false,&quot;math&quot;:false,&quot;sport&quot;:false,&quot;coding&quot;:false,&quot;manner&quot;:true,&quot;genius&quot;:false},&quot;distance&quot;:null,&quot;image&quot;:null,&quot;starAverage&quot;:null},{&quot;id&quot;:3,&quot;name&quot;:&quot;센터정보&quot;,&quot;owner&quot;:&quot;현승구&quot;,&quot;director&quot;:null,&quot;estType&quot;:&quot;공립&quot;,&quot;tel&quot;:&quot;test&quot;,&quot;startTime&quot;:&quot;9시 00분&quot;,&quot;endTime&quot;:&quot;16시 00분&quot;,&quot;minAge&quot;:4,&quot;maxAge&quot;:5,&quot;address&quot;:&quot;가리봉동&quot;,&quot;area&quot;:{&quot;sido&quot;:&quot;서울특별시&quot;,&quot;sigungu&quot;:&quot;구로구&quot;},&quot;longitude&quot;:32.1561,&quot;latitude&quot;:127.2312,&quot;theme&quot;:{&quot;english&quot;:true,&quot;foreigner&quot;:false,&quot;clean&quot;:true,&quot;buddhism&quot;:false,&quot;christianity&quot;:true,&quot;catholic&quot;:true,&quot;animal&quot;:false,&quot;plant&quot;:false,&quot;camping&quot;:false,&quot;nature&quot;:false,&quot;art&quot;:true,&quot;music&quot;:false,&quot;math&quot;:false,&quot;sport&quot;:false,&quot;coding&quot;:false,&quot;manner&quot;:true,&quot;genius&quot;:false},&quot;distance&quot;:null,&quot;image&quot;:null,&quot;starAverage&quot;:null},{&quot;id&quot;:3,&quot;name&quot;:&quot;센터정보&quot;,&quot;owner&quot;:&quot;현승구&quot;,&quot;director&quot;:null,&quot;estType&quot;:&quot;공립&quot;,&quot;tel&quot;:&quot;test&quot;,&quot;startTime&quot;:&quot;9시 00분&quot;,&quot;endTime&quot;:&quot;16시 00분&quot;,&quot;minAge&quot;:4,&quot;maxAge&quot;:5,&quot;address&quot;:&quot;가리봉동&quot;,&quot;area&quot;:{&quot;sido&quot;:&quot;서울특별시&quot;,&quot;sigungu&quot;:&quot;구로구&quot;},&quot;longitude&quot;:32.1561,&quot;latitude&quot;:127.2312,&quot;theme&quot;:{&quot;english&quot;:true,&quot;foreigner&quot;:false,&quot;clean&quot;:true,&quot;buddhism&quot;:false,&quot;christianity&quot;:true,&quot;catholic&quot;:true,&quot;animal&quot;:false,&quot;plant&quot;:false,&quot;camping&quot;:false,&quot;nature&quot;:false,&quot;art&quot;:true,&quot;music&quot;:false,&quot;math&quot;:false,&quot;sport&quot;:false,&quot;coding&quot;:false,&quot;manner&quot;:true,&quot;genius&quot;:false},&quot;distance&quot;:null,&quot;image&quot;:null,&quot;starAverage&quot;:null}]
    Forwarded URL = null
   Redirected URL = null
          Cookies = []
2022-07-08 15:09:06.244  INFO 6000 --- [    Test worker] o.s.mock.web.MockServletContext          : Initializing Spring TestDispatcherServlet ''
2022-07-08 15:09:06.244  INFO 6000 --- [    Test worker] o.s.t.web.servlet.TestDispatcherServlet  : Initializing Servlet ''
2022-07-08 15:09:06.245  INFO 6000 --- [    Test worker] o.s.t.web.servlet.TestDispatcherServlet  : Completed initialization in 1 ms

MockHttpServletRequest:
      HTTP Method = POST
      Request URI = /center/search
       Parameters = {page=[0], size=[2]}
          Headers = [Content-Type:&quot;application/json&quot;, Content-Length:&quot;392&quot;]
             Body = &lt;no character encoding set&gt;
    Session Attrs = {}

Handler:
             Type = FIS.iLUVit.controller.CenterController
           Method = FIS.iLUVit.controller.CenterController#searchByFilter(CenterSearchFilterDTO, Pageable)

Async:
    Async started = false
     Async result = null

Resolved Exception:
             Type = null

ModelAndView:
        View name = null
             View = null
            Model = null

FlashMap:
       Attributes = null

MockHttpServletResponse:
           Status = 200
    Error message = null
          Headers = [Content-Type:&quot;application/json&quot;]
     Content type = application/json
             Body = {&quot;content&quot;:[{&quot;id&quot;:1,&quot;name&quot;:&quot;test&quot;,&quot;owner&quot;:&quot;test&quot;,&quot;director&quot;:&quot;test&quot;,&quot;estType&quot;:&quot;test&quot;,&quot;tel&quot;:&quot;test&quot;,&quot;startTime&quot;:&quot;16시 30분&quot;,&quot;endTime&quot;:&quot;9시 00분&quot;,&quot;minAge&quot;:6,&quot;maxAge&quot;:10,&quot;address&quot;:&quot;test&quot;,&quot;area&quot;:{&quot;sido&quot;:&quot;sido&quot;,&quot;sigungu&quot;:&quot;sigungu&quot;},&quot;longitude&quot;:10.0,&quot;latitude&quot;:10.0,&quot;theme&quot;:{&quot;english&quot;:true,&quot;foreigner&quot;:false,&quot;clean&quot;:true,&quot;buddhism&quot;:false,&quot;christianity&quot;:true,&quot;catholic&quot;:true,&quot;animal&quot;:false,&quot;plant&quot;:false,&quot;camping&quot;:false,&quot;nature&quot;:false,&quot;art&quot;:true,&quot;music&quot;:false,&quot;math&quot;:false,&quot;sport&quot;:false,&quot;coding&quot;:false,&quot;manner&quot;:true,&quot;genius&quot;:false},&quot;profileImage&quot;:&quot;image&quot;,&quot;starAverage&quot;:5.0}],&quot;pageable&quot;:{&quot;sort&quot;:{&quot;sorted&quot;:false,&quot;unsorted&quot;:true,&quot;empty&quot;:true},&quot;pageNumber&quot;:0,&quot;pageSize&quot;:2,&quot;offset&quot;:0,&quot;paged&quot;:true,&quot;unpaged&quot;:false},&quot;numberOfElements&quot;:1,&quot;size&quot;:2,&quot;number&quot;:0,&quot;first&quot;:true,&quot;last&quot;:true,&quot;sort&quot;:{&quot;sorted&quot;:false,&quot;unsorted&quot;:true,&quot;empty&quot;:true},&quot;empty&quot;:false}
    Forwarded URL = null
   Redirected URL = null
          Cookies = []
</pre>
</span>
</div>
</div>
<div id="footer">
<p>
<div>
<label class="hidden" id="label-for-line-wrapping-toggle" for="line-wrapping-toggle">Wrap lines
<input id="line-wrapping-toggle" type="checkbox" autocomplete="off"/>
</label>
</div>Generated by 
<a href="http://www.gradle.org">Gradle 7.4.1</a> at 2022. 7. 8. 오후 3:09:17</p>
</div>
</div>
</body>
</html>
